  main.cpp
c:\users\crist\source\repos\startcastle\startcastle\main.cpp(177): warning C4305: 'initializing': truncation from 'double' to 'float'
c:\users\crist\source\repos\startcastle\startcastle\main.cpp(188): warning C4305: 'initializing': truncation from 'double' to 'float'
c:\users\crist\source\repos\startcastle\startcastle\main.cpp(234): warning C4244: 'argument': conversion from 'double' to 'float', possible loss of data
c:\users\crist\source\repos\startcastle\startcastle\main.cpp(236): warning C4244: 'argument': conversion from 'double' to 'float', possible loss of data
c:\users\crist\source\repos\startcastle\startcastle\main.cpp(263): warning C4244: 'argument': conversion from 'double' to 'float', possible loss of data
c:\users\crist\source\repos\startcastle\startcastle\main.cpp(265): warning C4244: 'argument': conversion from 'double' to 'float', possible loss of data
c:\users\crist\source\repos\startcastle\startcastle\main.cpp(284): warning C4244: 'initializing': conversion from 'double' to 'float', possible loss of data
c:\users\crist\source\repos\startcastle\startcastle\main.cpp(284): warning C4244: 'initializing': conversion from 'double' to 'const float', possible loss of data
c:\users\crist\source\repos\startcastle\startcastle\main.cpp(295): warning C4244: 'argument': conversion from 'int' to 'float', possible loss of data
c:\users\crist\source\repos\startcastle\startcastle\main.cpp(297): warning C4244: 'argument': conversion from 'double' to 'float', possible loss of data
c:\users\crist\source\repos\startcastle\startcastle\main.cpp(325): warning C4244: 'argument': conversion from 'double' to 'T', possible loss of data
          with
          [
              T=float
          ]
c:\users\crist\source\repos\startcastle\startcastle\main.cpp(327): warning C4244: 'argument': conversion from 'double' to 'T', possible loss of data
          with
          [
              T=float
          ]
c:\users\crist\source\repos\startcastle\startcastle\main.cpp(333): warning C4244: 'argument': conversion from 'double' to 'T', possible loss of data
          with
          [
              T=float
          ]
c:\users\crist\source\repos\startcastle\startcastle\main.cpp(335): warning C4244: 'argument': conversion from 'double' to 'T', possible loss of data
          with
          [
              T=float
          ]
c:\users\crist\source\repos\startcastle\startcastle\main.cpp(341): warning C4244: 'argument': conversion from 'double' to 'T', possible loss of data
          with
          [
              T=float
          ]
c:\users\crist\source\repos\startcastle\startcastle\main.cpp(343): warning C4244: 'argument': conversion from 'double' to 'T', possible loss of data
          with
          [
              T=float
          ]
c:\users\crist\source\repos\startcastle\startcastle\main.cpp(379): warning C4244: 'argument': conversion from 'time_t' to 'unsigned int', possible loss of data
  StartCastle.vcxproj -> C:\Users\Crist\source\repos\StartCastle\Debug\StartCastle.exe
